diasdavid/abstract-connection
diasdavid/abstract-peer-routing
diasdavid/abstract-record-store
diasdavid/abstract-stream-muxer
diasdavid/abstract-transport
diasdavid/js-bitswap
diasdavid/js-ipld
diasdavid/js-libp2p
diasdavid/js-libp2p-distributed-record-store
diasdavid/js-libp2p-kad-record-store
diasdavid/js-libp2p-kad-routing
diasdavid/js-libp2p-mdns-discovery
diasdavid/js-libp2p-ping
diasdavid/js-libp2p-railing
diasdavid/js-libp2p-random-walk
diasdavid/js-libp2p-record
diasdavid/js-libp2p-spdy
diasdavid/js-libp2p-swarm
diasdavid/js-libp2p-tcp
diasdavid/js-libp2p-udp
diasdavid/js-libp2p-udt
diasdavid/js-libp2p-utp
diasdavid/js-merkledag-store
diasdavid/js-multistream
diasdavid/js-peer-id
diasdavid/js-peer-info
diasdavid/libp2p-website
diasdavid/webcrypto
ipfs/api
ipfs/js-ipfs
ipfs/js-ipfs-repo
ipfs/pm
ipfs/specs
jbenet/js-multiaddr
jbenet/js-multihash
jbenet/js-multihashing
